{"/Users/ananyagupta/Documents/GITHUB/7.3HD-Jenkins-DevOps-Pipeline/app.js": {"path":"/Users/ananyagupta/Documents/GITHUB/7.3HD-Jenkins-DevOps-Pipeline/app.js","statementMap":{"0":{"start":{"line":1,"column":16},"end":{"line":1,"column":34}},"1":{"start":{"line":3,"column":12},"end":{"line":3,"column":21}},"2":{"start":{"line":4,"column":0},"end":{"line":4,"column":24}},"3":{"start":{"line":6,"column":12},"end":{"line":9,"column":1}},"4":{"start":{"line":11,"column":0},"end":{"line":13,"column":3}},"5":{"start":{"line":12,"column":4},"end":{"line":12,"column":52}},"6":{"start":{"line":15,"column":0},"end":{"line":20,"column":3}},"7":{"start":{"line":16,"column":4},"end":{"line":19,"column":7}},"8":{"start":{"line":22,"column":0},"end":{"line":24,"column":3}},"9":{"start":{"line":23,"column":4},"end":{"line":23,"column":32}},"10":{"start":{"line":26,"column":0},"end":{"line":41,"column":3}},"11":{"start":{"line":27,"column":22},"end":{"line":27,"column":30}},"12":{"start":{"line":29,"column":4},"end":{"line":31,"column":5}},"13":{"start":{"line":30,"column":8},"end":{"line":30,"column":73}},"14":{"start":{"line":33,"column":20},"end":{"line":37,"column":5}},"15":{"start":{"line":39,"column":4},"end":{"line":39,"column":24}},"16":{"start":{"line":40,"column":4},"end":{"line":40,"column":41}},"17":{"start":{"line":43,"column":0},"end":{"line":51,"column":3}},"18":{"start":{"line":44,"column":17},"end":{"line":44,"column":70}},"19":{"start":{"line":44,"column":36},"end":{"line":44,"column":69}},"20":{"start":{"line":46,"column":4},"end":{"line":48,"column":5}},"21":{"start":{"line":47,"column":8},"end":{"line":47,"column":65}},"22":{"start":{"line":50,"column":4},"end":{"line":50,"column":38}},"23":{"start":{"line":53,"column":0},"end":{"line":62,"column":3}},"24":{"start":{"line":54,"column":22},"end":{"line":54,"column":80}},"25":{"start":{"line":54,"column":46},"end":{"line":54,"column":79}},"26":{"start":{"line":56,"column":4},"end":{"line":58,"column":5}},"27":{"start":{"line":57,"column":8},"end":{"line":57,"column":65}},"28":{"start":{"line":60,"column":4},"end":{"line":60,"column":31}},"29":{"start":{"line":61,"column":4},"end":{"line":61,"column":34}},"30":{"start":{"line":64,"column":0},"end":{"line":64,"column":21}}},"fnMap":{"0":{"name":"(anonymous_0)","decl":{"start":{"line":11,"column":13},"end":{"line":11,"column":14}},"loc":{"start":{"line":11,"column":27},"end":{"line":13,"column":1}},"line":11},"1":{"name":"(anonymous_1)","decl":{"start":{"line":15,"column":19},"end":{"line":15,"column":20}},"loc":{"start":{"line":15,"column":33},"end":{"line":20,"column":1}},"line":15},"2":{"name":"(anonymous_2)","decl":{"start":{"line":22,"column":18},"end":{"line":22,"column":19}},"loc":{"start":{"line":22,"column":32},"end":{"line":24,"column":1}},"line":22},"3":{"name":"(anonymous_3)","decl":{"start":{"line":26,"column":19},"end":{"line":26,"column":20}},"loc":{"start":{"line":26,"column":33},"end":{"line":41,"column":1}},"line":26},"4":{"name":"(anonymous_4)","decl":{"start":{"line":43,"column":22},"end":{"line":43,"column":23}},"loc":{"start":{"line":43,"column":36},"end":{"line":51,"column":1}},"line":43},"5":{"name":"(anonymous_5)","decl":{"start":{"line":44,"column":28},"end":{"line":44,"column":29}},"loc":{"start":{"line":44,"column":36},"end":{"line":44,"column":69}},"line":44},"6":{"name":"(anonymous_6)","decl":{"start":{"line":53,"column":25},"end":{"line":53,"column":26}},"loc":{"start":{"line":53,"column":39},"end":{"line":62,"column":1}},"line":53},"7":{"name":"(anonymous_7)","decl":{"start":{"line":54,"column":38},"end":{"line":54,"column":39}},"loc":{"start":{"line":54,"column":46},"end":{"line":54,"column":79}},"line":54}},"branchMap":{"0":{"loc":{"start":{"line":29,"column":4},"end":{"line":31,"column":5}},"type":"if","locations":[{"start":{"line":29,"column":4},"end":{"line":31,"column":5}},{"start":{},"end":{}}],"line":29},"1":{"loc":{"start":{"line":46,"column":4},"end":{"line":48,"column":5}},"type":"if","locations":[{"start":{"line":46,"column":4},"end":{"line":48,"column":5}},{"start":{},"end":{}}],"line":46},"2":{"loc":{"start":{"line":56,"column":4},"end":{"line":58,"column":5}},"type":"if","locations":[{"start":{"line":56,"column":4},"end":{"line":58,"column":5}},{"start":{},"end":{}}],"line":56}},"s":{"0":1,"1":1,"2":1,"3":1,"4":1,"5":0,"6":1,"7":1,"8":1,"9":1,"10":1,"11":2,"12":2,"13":1,"14":1,"15":1,"16":1,"17":1,"18":2,"19":4,"20":2,"21":1,"22":1,"23":1,"24":2,"25":3,"26":2,"27":1,"28":1,"29":1,"30":1},"f":{"0":0,"1":1,"2":1,"3":2,"4":2,"5":4,"6":2,"7":3},"b":{"0":[1,1],"1":[1,1],"2":[1,1]},"_coverageSchema":"1a1c01bbd47fc00a2c39e90264f33305004495a9","hash":"f5ef681d93350e843ecc8af56209160c181649b6"}
}
