TN:
SF:app.js
FN:11,(anonymous_0)
FN:15,(anonymous_1)
FN:22,(anonymous_2)
FN:26,(anonymous_3)
FN:43,(anonymous_4)
FN:44,(anonymous_5)
FN:53,(anonymous_6)
FN:54,(anonymous_7)
FNF:8
FNH:7
FNDA:0,(anonymous_0)
FNDA:1,(anonymous_1)
FNDA:1,(anonymous_2)
FNDA:2,(anonymous_3)
FNDA:2,(anonymous_4)
FNDA:4,(anonymous_5)
FNDA:2,(anonymous_6)
FNDA:3,(anonymous_7)
DA:1,1
DA:3,1
DA:4,1
DA:6,1
DA:11,1
DA:12,0
DA:15,1
DA:16,1
DA:22,1
DA:23,1
DA:26,1
DA:27,2
DA:29,2
DA:30,1
DA:33,1
DA:39,1
DA:40,1
DA:43,1
DA:44,4
DA:46,2
DA:47,1
DA:50,1
DA:53,1
DA:54,3
DA:56,2
DA:57,1
DA:60,1
DA:61,1
DA:64,1
LF:29
LH:28
BRDA:29,0,0,1
BRDA:29,0,1,1
BRDA:46,1,0,1
BRDA:46,1,1,1
BRDA:56,2,0,1
BRDA:56,2,1,1
BRF:6
BRH:6
end_of_record
